# JRE version: Java(TM) SE Runtime Environment (8.0_101-b13) (build 1.8.0_101-b13)
# Java VM: Java HotSpot(TM) 64-Bit Server VM (25.101-b13 mixed mode bsd-amd64 compressed oops)
Heap:
 PSYoungGen      total 434176K, used 208434K [0x0000000795580000, 0x00000007b6100000, 0x00000007c0000000)
  eden space 380928K, 43% used [0x0000000795580000,0x000000079f76b370,0x00000007ac980000)
  from space 53248K, 80% used [0x00000007ac980000,0x00000007af3214c0,0x00000007afd80000)
  to   space 57344K, 0% used [0x00000007b2900000,0x00000007b2900000,0x00000007b6100000)
 ParOldGen       total 205824K, used 75680K [0x0000000740000000, 0x000000074c900000, 0x0000000795580000)
  object space 205824K, 36% used [0x0000000740000000,0x00000007449e80c8,0x000000074c900000)
 Metaspace       used 68257K, capacity 71561K, committed 71808K, reserved 1112064K
  class space    used 9483K, capacity 10057K, committed 10112K, reserved 1048576K
GC Heap History (10 events):
Event: 15.124 GC heap before
{Heap before GC invocations=18 (full 2):
 PSYoungGen      total 351232K, used 335742K [0x0000000795580000, 0x00000007b0300000, 0x00000007c0000000)
  eden space 303104K, 100% used [0x0000000795580000,0x00000007a7d80000,0x00000007a7d80000)
  from space 48128K, 67% used [0x00000007a7d80000,0x00000007a9d5f9b0,0x00000007aac80000)
  to   space 49664K, 0% used [0x00000007ad280000,0x00000007ad280000,0x00000007b0300000)
 ParOldGen       total 197120K, used 93693K [0x0000000740000000, 0x000000074c080000, 0x0000000795580000)
  object space 197120K, 47% used [0x0000000740000000,0x0000000745b7f448,0x000000074c080000)
 Metaspace       used 55042K, capacity 57650K, committed 57856K, reserved 1099776K
  class space    used 7595K, capacity 8093K, committed 8192K, reserved 1048576K
Event: 15.164 GC heap after
Heap after GC invocations=18 (full 2):
 PSYoungGen      total 387584K, used 36462K [0x0000000795580000, 0x00000007b0680000, 0x00000007c0000000)
  eden space 337920K, 0% used [0x0000000795580000,0x0000000795580000,0x00000007a9f80000)
  from space 49664K, 73% used [0x00000007ad280000,0x00000007af61b938,0x00000007b0300000)
  to   space 52224K, 0% used [0x00000007a9f80000,0x00000007a9f80000,0x00000007ad280000)
 ParOldGen       total 197120K, used 93701K [0x0000000740000000, 0x000000074c080000, 0x0000000795580000)
  object space 197120K, 47% used [0x0000000740000000,0x0000000745b81448,0x000000074c080000)
 Metaspace       used 55042K, capacity 57650K, committed 57856K, reserved 1099776K
  class space    used 7595K, capacity 8093K, committed 8192K, reserved 1048576K
}
Event: 15.580 GC heap before
{Heap before GC invocations=19 (full 2):
 PSYoungGen      total 387584K, used 132599K [0x0000000795580000, 0x00000007b0680000, 0x00000007c0000000)
  eden space 337920K, 28% used [0x0000000795580000,0x000000079b362378,0x00000007a9f80000)
  from space 49664K, 73% used [0x00000007ad280000,0x00000007af61b938,0x00000007b0300000)
  to   space 52224K, 0% used [0x00000007a9f80000,0x00000007a9f80000,0x00000007ad280000)
 ParOldGen       total 197120K, used 93701K [0x0000000740000000, 0x000000074c080000, 0x0000000795580000)
  object space 197120K, 47% used [0x0000000740000000,0x0000000745b81448,0x000000074c080000)
 Metaspace       used 56363K, capacity 58978K, committed 59096K, reserved 1099776K
  class space    used 7775K, capacity 8231K, committed 8320K, reserved 1048576K
Event: 15.659 GC heap after
Heap after GC invocations=19 (full 2):
 PSYoungGen      total 390144K, used 35831K [0x0000000795580000, 0x00000007b3200000, 0x00000007c0000000)
  eden space 337920K, 0% used [0x0000000795580000,0x0000000795580000,0x00000007a9f80000)
  from space 52224K, 68% used [0x00000007a9f80000,0x00000007ac27def0,0x00000007ad280000)
  to   space 53760K, 0% used [0x00000007afd80000,0x00000007afd80000,0x00000007b3200000)
 ParOldGen       total 197120K, used 93709K [0x0000000740000000, 0x000000074c080000, 0x0000000795580000)
  object space 197120K, 47% used [0x0000000740000000,0x0000000745b83448,0x000000074c080000)
 Metaspace       used 56363K, capacity 58978K, committed 59096K, reserved 1099776K
  class space    used 7775K, capacity 8231K, committed 8320K, reserved 1048576K
}
Event: 15.659 GC heap before
{Heap before GC invocations=20 (full 3):
 PSYoungGen      total 390144K, used 35831K [0x0000000795580000, 0x00000007b3200000, 0x00000007c0000000)
  eden space 337920K, 0% used [0x0000000795580000,0x0000000795580000,0x00000007a9f80000)
  from space 52224K, 68% used [0x00000007a9f80000,0x00000007ac27def0,0x00000007ad280000)
  to   space 53760K, 0% used [0x00000007afd80000,0x00000007afd80000,0x00000007b3200000)
 ParOldGen       total 197120K, used 93709K [0x0000000740000000, 0x000000074c080000, 0x0000000795580000)
  object space 197120K, 47% used [0x0000000740000000,0x0000000745b83448,0x000000074c080000)
 Metaspace       used 56363K, capacity 58978K, committed 59096K, reserved 1099776K
  class space    used 7775K, capacity 8231K, committed 8320K, reserved 1048576K
Event: 16.109 GC heap after
Heap after GC invocations=20 (full 3):
 PSYoungGen      total 390144K, used 0K [0x0000000795580000, 0x00000007b3200000, 0x00000007c0000000)
  eden space 337920K, 0% used [0x0000000795580000,0x0000000795580000,0x00000007a9f80000)
  from space 52224K, 0% used [0x00000007a9f80000,0x00000007a9f80000,0x00000007ad280000)
  to   space 53760K, 0% used [0x00000007afd80000,0x00000007afd80000,0x00000007b3200000)
 ParOldGen       total 205824K, used 75664K [0x0000000740000000, 0x000000074c900000, 0x0000000795580000)
  object space 205824K, 36% used [0x0000000740000000,0x00000007449e40c8,0x000000074c900000)
 Metaspace       used 56363K, capacity 58978K, committed 59096K, reserved 1099776K
  class space    used 7775K, capacity 8231K, committed 8320K, reserved 1048576K
}
Event: 17.941 GC heap before
{Heap before GC invocations=21 (full 3):
 PSYoungGen      total 390144K, used 337920K [0x0000000795580000, 0x00000007b3200000, 0x00000007c0000000)
  eden space 337920K, 100% used [0x0000000795580000,0x00000007a9f80000,0x00000007a9f80000)
  from space 52224K, 0% used [0x00000007a9f80000,0x00000007a9f80000,0x00000007ad280000)
  to   space 53760K, 0% used [0x00000007afd80000,0x00000007afd80000,0x00000007b3200000)
 ParOldGen       total 205824K, used 75664K [0x0000000740000000, 0x000000074c900000, 0x0000000795580000)
  object space 205824K, 36% used [0x0000000740000000,0x00000007449e40c8,0x000000074c900000)
 Metaspace       used 59864K, capacity 62714K, committed 62848K, reserved 1103872K
  class space    used 8267K, capacity 8751K, committed 8832K, reserved 1048576K
Event: 17.975 GC heap after
Heap after GC invocations=21 (full 3):
 PSYoungGen      total 434688K, used 10065K [0x0000000795580000, 0x00000007b3200000, 0x00000007c0000000)
  eden space 380928K, 0% used [0x0000000795580000,0x0000000795580000,0x00000007ac980000)
  from space 53760K, 18% used [0x00000007afd80000,0x00000007b07546a8,0x00000007b3200000)
  to   space 53248K, 0% used [0x00000007ac980000,0x00000007ac980000,0x00000007afd80000)
 ParOldGen       total 205824K, used 75672K [0x0000000740000000, 0x000000074c900000, 0x0000000795580000)
  object space 205824K, 36% used [0x0000000740000000,0x00000007449e60c8,0x000000074c900000)
 Metaspace       used 59864K, capacity 62714K, committed 62848K, reserved 1103872K
  class space    used 8267K, capacity 8751K, committed 8832K, reserved 1048576K
}
Event: 68.469 GC heap before
{Heap before GC invocations=22 (full 3):
 PSYoungGen      total 434688K, used 390993K [0x0000000795580000, 0x00000007b3200000, 0x00000007c0000000)
  eden space 380928K, 100% used [0x0000000795580000,0x00000007ac980000,0x00000007ac980000)
  from space 53760K, 18% used [0x00000007afd80000,0x00000007b07546a8,0x00000007b3200000)
  to   space 53248K, 0% used [0x00000007ac980000,0x00000007ac980000,0x00000007afd80000)
 ParOldGen       total 205824K, used 75672K [0x0000000740000000, 0x000000074c900000, 0x0000000795580000)
  object space 205824K, 36% used [0x0000000740000000,0x00000007449e60c8,0x000000074c900000)
 Metaspace       used 67783K, capacity 71091K, committed 71168K, reserved 1110016K
  class space    used 9428K, capacity 9976K, committed 9984K, reserved 1048576K
Event: 68.544 GC heap after
Heap after GC invocations=22 (full 3):
 PSYoungGen      total 434176K, used 42629K [0x0000000795580000, 0x00000007b6100000, 0x00000007c0000000)
  eden space 380928K, 0% used [0x0000000795580000,0x0000000795580000,0x00000007ac980000)
  from space 53248K, 80% used [0x00000007ac980000,0x00000007af3214c0,0x00000007afd80000)
  to   space 57344K, 0% used [0x00000007b2900000,0x00000007b2900000,0x00000007b6100000)
 ParOldGen       total 205824K, used 75680K [0x0000000740000000, 0x000000074c900000, 0x0000000795580000)
  object space 205824K, 36% used [0x0000000740000000,0x00000007449e80c8,0x000000074c900000)
 Metaspace       used 67783K, capacity 71091K, committed 71168K, reserved 1110016K
  class space    used 9428K, capacity 9976K, committed 9984K, reserved 1048576K
}

